build/app/intermediates/manifest_merge_blame_file/release/manifest-merger-blame-release-report.txt
1<?xml version="1.0" encoding="utf-8"?>
2<manifest xmlns:android="http://schemas.android.com/apk/res/android"
3    package="com.example.fabrica_do_multiverso"
4    android:versionCode="1"
5    android:versionName="1.0.0" >
6
7    <uses-sdk
8        android:minSdkVersion="21"
8-->src/main/AndroidManifest.xml
9        android:targetSdkVersion="34" />
9-->src/main/AndroidManifest.xml
10    <!--
11         Required to query activities that can process text, see:
12         https://developer.android.com/training/package-visibility and
13         https://developer.android.com/reference/android/content/Intent#ACTION_PROCESS_TEXT.
14
15         In particular, this is used by the Flutter engine in io.flutter.plugin.text.ProcessTextPlugin.
16    -->
17    <queries>
17-->src/main/AndroidManifest.xml:39:5-44:15
18        <intent>
18-->src/main/AndroidManifest.xml:40:9-43:18
19            <action android:name="android.intent.action.PROCESS_TEXT" />
19-->src/main/AndroidManifest.xml:41:13-72
19-->src/main/AndroidManifest.xml:41:21-70
20
21            <data android:mimeType="text/plain" />
21-->src/main/AndroidManifest.xml:42:13-50
21-->src/main/AndroidManifest.xml:42:19-48
22        </intent>
23        <intent>
23-->[:file_picker] AndroidManifest.xml:14:9-18:18
24            <action android:name="android.intent.action.GET_CONTENT" />
24-->[:file_picker] AndroidManifest.xml:15:13-72
24-->[:file_picker] AndroidManifest.xml:15:21-69
25
26            <data android:mimeType="*/*" />
26-->src/main/AndroidManifest.xml:42:13-50
26-->src/main/AndroidManifest.xml:42:19-48
27        </intent>
28    </queries>
29
30    <uses-permission
30-->[:file_picker] AndroidManifest.xml:9:5-11:38
31        android:name="android.permission.READ_EXTERNAL_STORAGE"
31-->[:file_picker] AndroidManifest.xml:10:9-64
32        android:maxSdkVersion="32" />
32-->[:file_picker] AndroidManifest.xml:11:9-35
33
34    <application
35        android:name="android.app.Application"
35-->src/main/AndroidManifest.xml:4:9-42
36        android:appComponentFactory="androidx.core.app.CoreComponentFactory"
36-->[androidx.core:core:1.6.0] AndroidManifest.xml:24:18-86
37        android:icon="@mipmap/ic_launcher"
37-->src/main/AndroidManifest.xml:5:9-43
38        android:label="fabrica_do_multiverso" >
38-->src/main/AndroidManifest.xml:3:9-46
39        <activity
39-->src/main/AndroidManifest.xml:6:9-27:20
40            android:name="com.example.fabrica_do_multiverso.MainActivity"
40-->src/main/AndroidManifest.xml:7:13-41
41            android:configChanges="orientation|keyboardHidden|keyboard|screenSize|smallestScreenSize|locale|layoutDirection|fontScale|screenLayout|density|uiMode"
41-->src/main/AndroidManifest.xml:12:13-163
42            android:exported="true"
42-->src/main/AndroidManifest.xml:8:13-36
43            android:hardwareAccelerated="true"
43-->src/main/AndroidManifest.xml:13:13-47
44            android:launchMode="singleTop"
44-->src/main/AndroidManifest.xml:9:13-43
45            android:taskAffinity=""
45-->src/main/AndroidManifest.xml:10:13-36
46            android:theme="@style/LaunchTheme"
46-->src/main/AndroidManifest.xml:11:13-47
47            android:windowSoftInputMode="adjustResize" >
47-->src/main/AndroidManifest.xml:14:13-55
48
49            <!--
50                 Specifies an Android theme to apply to this Activity as soon as
51                 the Android process has started. This theme is visible to the user
52                 while the Flutter UI initializes. After that, this theme continues
53                 to determine the Window background behind the Flutter UI.
54            -->
55            <meta-data
55-->src/main/AndroidManifest.xml:19:13-22:17
56                android:name="io.flutter.embedding.android.NormalTheme"
56-->src/main/AndroidManifest.xml:20:15-70
57                android:resource="@style/NormalTheme" />
57-->src/main/AndroidManifest.xml:21:15-52
58
59            <intent-filter>
59-->src/main/AndroidManifest.xml:23:13-26:29
60                <action android:name="android.intent.action.MAIN" />
60-->src/main/AndroidManifest.xml:24:17-68
60-->src/main/AndroidManifest.xml:24:25-66
61
62                <category android:name="android.intent.category.LAUNCHER" />
62-->src/main/AndroidManifest.xml:25:17-76
62-->src/main/AndroidManifest.xml:25:27-74
63            </intent-filter>
64        </activity>
65        <!--
66             Don't delete the meta-data below.
67             This is used by the Flutter tool to generate GeneratedPluginRegistrant.java
68        -->
69        <meta-data
69-->src/main/AndroidManifest.xml:30:9-32:33
70            android:name="flutterEmbedding"
70-->src/main/AndroidManifest.xml:31:13-44
71            android:value="2" />
71-->src/main/AndroidManifest.xml:32:13-30
72
73        <uses-library
73-->[androidx.window:window:1.0.0-beta04] AndroidManifest.xml:25:9-27:40
74            android:name="androidx.window.extensions"
74-->[androidx.window:window:1.0.0-beta04] AndroidManifest.xml:26:13-54
75            android:required="false" />
75-->[androidx.window:window:1.0.0-beta04] AndroidManifest.xml:27:13-37
76        <uses-library
76-->[androidx.window:window:1.0.0-beta04] AndroidManifest.xml:28:9-30:40
77            android:name="androidx.window.sidecar"
77-->[androidx.window:window:1.0.0-beta04] AndroidManifest.xml:29:13-51
78            android:required="false" />
78-->[androidx.window:window:1.0.0-beta04] AndroidManifest.xml:30:13-37
79    </application>
80
81</manifest>